<?xml version="1.0" encoding="UTF-8"?>
<!-- Generated by org.testng.reporters.JUnitXMLReporter -->
<testsuite ignored="0" hostname="DESKTOP-21BGDB8" failures="0" tests="2" name="Test HomePageValidation" time="20.557" errors="0" timestamp="2021-03-17T02:35:08 IST">
  <testcase classname="AutomationProject.DemoE2ETesting.HomePageValidation" name="homePageNavigation" time="0.836"/>
  <testcase classname="AutomationProject.DemoE2ETesting.HomePageValidation" name="SIgnInPageCheck" time="0.068"/>
</testsuite> <!-- Test HomePageValidation -->
