<?xml version="1.0" encoding="UTF-8"?>
<!-- Generated by org.testng.reporters.JUnitXMLReporter -->
<testsuite ignored="0" hostname="DESKTOP-21BGDB8" failures="0" tests="3" name="Test SignInPageValidation" time="55.497" errors="0" timestamp="2021-03-17T02:35:42 IST">
  <testcase classname="AutomationProject.DemoE2ETesting.SignInPageValidation" name="SignInFieldsCheck" time="0.722"/>
  <testcase classname="AutomationProject.DemoE2ETesting.SignInPageValidation" name="SignInFieldsCheck" time="28.871"/>
  <testcase classname="AutomationProject.DemoE2ETesting.SignInPageValidation" name="SignInFieldsCheck" time="2.094"/>
</testsuite> <!-- Test SignInPageValidation -->
