<?xml version="1.0" encoding="UTF-8"?>
<!-- Generated by org.testng.reporters.JUnitXMLReporter -->
<testsuite ignored="0" hostname="DESKTOP-21BGDB8" failures="0" tests="2" name="Test HomePageValidation" time="19.345" errors="0" timestamp="2021-04-07T12:36:09 IST">
  <testcase classname="AutomationProject.DemoE2ETesting.HomePageValidation" name="homePageNavigation" time="1.361"/>
  <testcase classname="AutomationProject.DemoE2ETesting.HomePageValidation" name="SIgnInPageCheck" time="0.167"/>
</testsuite> <!-- Test HomePageValidation -->
