<?xml version="1.0" encoding="UTF-8"?>
<!-- Generated by org.testng.reporters.JUnitXMLReporter -->
<testsuite ignored="0" hostname="DESKTOP-21BGDB8" failures="0" tests="3" name="Test SignInPageValidation" time="60.971" errors="0" timestamp="2021-04-07T12:36:50 IST">
  <testcase classname="AutomationProject.DemoE2ETesting.SignInPageValidation" name="SignInFieldsCheck" time="0.691"/>
  <testcase classname="AutomationProject.DemoE2ETesting.SignInPageValidation" name="SignInFieldsCheck" time="32.813"/>
  <testcase classname="AutomationProject.DemoE2ETesting.SignInPageValidation" name="SignInFieldsCheck" time="2.544"/>
</testsuite> <!-- Test SignInPageValidation -->
