<?xml version="1.0" encoding="UTF-8"?>
<testsuite xmlns:xsi="http://www.w3.org/2001/XMLSchema-instance" xsi:noNamespaceSchemaLocation="https://maven.apache.org/surefire/maven-surefire-plugin/xsd/surefire-test-report-3.0.xsd" version="3.0" name="TestSuite" time="62.844" tests="5" errors="0" skipped="0" failures="0">
  <properties>
[...]
</properties>
  <testcase name="homePageNavigation" classname="AutomationProject.DemoE2ETesting.HomePageValidation" time="1.043">
    <system-out><![CDATA[chrome
chrome
]]></system-out>
    <system-err><![CDATA[Starting ChromeDriver 88.0.4324.96 (68dba2d8a0b149a1d3afac56fa74648032bcf46b-refs/branch-heads/4324@{#1784}) on port 34266
Only local connections are allowed.
Please see https://chromedriver.chromium.org/security-considerations for suggestions on keeping ChromeDriver safe.
CShtraomerDtriivnerg was  CshrtoarmteDerdi vseru c8c8.e0s.s4f32u4l.l9y6 (.68
dba2d8a0b149a1d3afac56fa74648032bcf46b-refs/branch-heads/4324@{#1784}) on port 8646
Only local connections are allowed.
Please see https://chromedriver.chromium.org/security-considerations for suggestions on keeping ChromeDriver safe.
ChromeDriver was started successfully.
[1617779151.797][WARNING]: This version of ChromeDriver has not been tested with Chrome version 89.
[1617779152.007][WARNING]: This version of ChromeDriver has not been tested with Chrome version 89.
Apr 07, 2021 12:35:52 PM org.openqa.selenium.remote.ProtocolHandshake createSession
INFO: Detected dialect: W3C
Apr 07, 2021 12:35:52 PM org.openqa.selenium.remote.ProtocolHandshake createSession
INFO: Detected dialect: W3C
]]></system-err>
  </testcase>
  <testcase name="SIgnInPageCheck" classname="AutomationProject.DemoE2ETesting.HomePageValidation" time="0.168"/>
  <testcase name="SignInFieldsCheck[, ](1)" classname="AutomationProject.DemoE2ETesting.SignInPageValidation" time="0.689"/>
  <testcase name="SignInFieldsCheck[wert, 8498/*/](2)" classname="AutomationProject.DemoE2ETesting.SignInPageValidation" time="32.81"/>
  <testcase name="SignInFieldsCheck[sdsd, asd](3)" classname="AutomationProject.DemoE2ETesting.SignInPageValidation" time="2.544"/>
</testsuite>